Analysis & Synthesis report for VGA
Tue Apr 28 17:03:38 2026
Quartus Prime Version 25.1std.0 Build 1129 10/21/2025 SC Lite Edition


---------------------
; Table of Contents ;
---------------------
  1. Legal Notice
  2. Analysis & Synthesis Summary
  3. Analysis & Synthesis Settings
  4. Parallel Compilation
  5. Analysis & Synthesis Messages



----------------
; Legal Notice ;
----------------
Copyright (C) 2025  Altera Corporation. All rights reserved.
Your use of Altera Corporation's design tools, logic functions 
and other software and tools, and any partner logic 
functions, and any output files from any of the foregoing 
(including device programming or simulation files), and any 
associated documentation or information are expressly subject 
to the terms and conditions of the Altera Program License 
Subscription Agreement, the Altera Quartus Prime License Agreement,
the Altera IP License Agreement, or other applicable license
agreement, including, without limitation, that your use is for
the sole purpose of programming logic devices manufactured by
Altera and sold by Altera or its authorized distributors.  Please
refer to the Altera Software License Subscription Agreements 
on the Quartus Prime software download page.



+-------------------------------------------------------------------------------+
; Analysis & Synthesis Summary                                                  ;
+-----------------------------+-------------------------------------------------+
; Analysis & Synthesis Status ; Failed - Tue Apr 28 17:03:38 2026               ;
; Quartus Prime Version       ; 25.1std.0 Build 1129 10/21/2025 SC Lite Edition ;
; Revision Name               ; VGA                                             ;
; Top-level Entity Name       ; VGA                                             ;
; Family                      ; Cyclone V                                       ;
; Logic utilization (in ALMs) ; N/A until Partition Merge                       ;
; Total registers             ; N/A until Partition Merge                       ;
; Total pins                  ; N/A until Partition Merge                       ;
; Total virtual pins          ; N/A until Partition Merge                       ;
; Total block memory bits     ; N/A until Partition Merge                       ;
; Total PLLs                  ; N/A until Partition Merge                       ;
; Total DLLs                  ; N/A until Partition Merge                       ;
+-----------------------------+-------------------------------------------------+


+---------------------------------------------------------------------------------------------------------------------------+
; Analysis & Synthesis Settings                                                                                             ;
+---------------------------------------------------------------------------------+--------------------+--------------------+
; Option                                                                          ; Setting            ; Default Value      ;
+---------------------------------------------------------------------------------+--------------------+--------------------+
; Device                                                                          ; 5CSEMA5F31C6       ;                    ;
; Top-level entity name                                                           ; VGA                ; VGA                ;
; Family name                                                                     ; Cyclone V          ; Cyclone V          ;
; Use smart compilation                                                           ; Off                ; Off                ;
; Enable parallel Assembler and Timing Analyzer during compilation                ; On                 ; On                 ;
; Enable compact report table                                                     ; Off                ; Off                ;
; Restructure Multiplexers                                                        ; Auto               ; Auto               ;
; MLAB Add Timing Constraints For Mixed-Port Feed-Through Mode Setting Don't Care ; Off                ; Off                ;
; Create Debugging Nodes for IP Cores                                             ; Off                ; Off                ;
; Preserve fewer node names                                                       ; On                 ; On                 ;
; Intel FPGA IP Evaluation Mode                                                   ; Enable             ; Enable             ;
; Verilog Version                                                                 ; Verilog_2001       ; Verilog_2001       ;
; VHDL Version                                                                    ; VHDL_1993          ; VHDL_1993          ;
; State Machine Processing                                                        ; Auto               ; Auto               ;
; Safe State Machine                                                              ; Off                ; Off                ;
; Extract Verilog State Machines                                                  ; On                 ; On                 ;
; Extract VHDL State Machines                                                     ; On                 ; On                 ;
; Ignore Verilog initial constructs                                               ; Off                ; Off                ;
; Iteration limit for constant Verilog loops                                      ; 5000               ; 5000               ;
; Iteration limit for non-constant Verilog loops                                  ; 250                ; 250                ;
; Add Pass-Through Logic to Inferred RAMs                                         ; On                 ; On                 ;
; Infer RAMs from Raw Logic                                                       ; On                 ; On                 ;
; Parallel Synthesis                                                              ; On                 ; On                 ;
; DSP Block Balancing                                                             ; Auto               ; Auto               ;
; NOT Gate Push-Back                                                              ; On                 ; On                 ;
; Power-Up Don't Care                                                             ; On                 ; On                 ;
; Remove Redundant Logic Cells                                                    ; Off                ; Off                ;
; Remove Duplicate Registers                                                      ; On                 ; On                 ;
; Ignore CARRY Buffers                                                            ; Off                ; Off                ;
; Ignore CASCADE Buffers                                                          ; Off                ; Off                ;
; Ignore GLOBAL Buffers                                                           ; Off                ; Off                ;
; Ignore ROW GLOBAL Buffers                                                       ; Off                ; Off                ;
; Ignore LCELL Buffers                                                            ; Off                ; Off                ;
; Ignore SOFT Buffers                                                             ; On                 ; On                 ;
; Limit AHDL Integers to 32 Bits                                                  ; Off                ; Off                ;
; Optimization Technique                                                          ; Balanced           ; Balanced           ;
; Carry Chain Length                                                              ; 70                 ; 70                 ;
; Auto Carry Chains                                                               ; On                 ; On                 ;
; Auto Open-Drain Pins                                                            ; On                 ; On                 ;
; Perform WYSIWYG Primitive Resynthesis                                           ; Off                ; Off                ;
; Auto ROM Replacement                                                            ; On                 ; On                 ;
; Auto RAM Replacement                                                            ; On                 ; On                 ;
; Auto DSP Block Replacement                                                      ; On                 ; On                 ;
; Auto Shift Register Replacement                                                 ; Auto               ; Auto               ;
; Allow Shift Register Merging across Hierarchies                                 ; Auto               ; Auto               ;
; Auto Clock Enable Replacement                                                   ; On                 ; On                 ;
; Strict RAM Replacement                                                          ; Off                ; Off                ;
; Allow Synchronous Control Signals                                               ; On                 ; On                 ;
; Force Use of Synchronous Clear Signals                                          ; Off                ; Off                ;
; Auto Resource Sharing                                                           ; Off                ; Off                ;
; Allow Any RAM Size For Recognition                                              ; Off                ; Off                ;
; Allow Any ROM Size For Recognition                                              ; Off                ; Off                ;
; Allow Any Shift Register Size For Recognition                                   ; Off                ; Off                ;
; Use LogicLock Constraints during Resource Balancing                             ; On                 ; On                 ;
; Ignore translate_off and synthesis_off directives                               ; Off                ; Off                ;
; Timing-Driven Synthesis                                                         ; On                 ; On                 ;
; Report Parameter Settings                                                       ; On                 ; On                 ;
; Report Source Assignments                                                       ; On                 ; On                 ;
; Report Connectivity Checks                                                      ; On                 ; On                 ;
; Ignore Maximum Fan-Out Assignments                                              ; Off                ; Off                ;
; Synchronization Register Chain Length                                           ; 3                  ; 3                  ;
; Power Optimization During Synthesis                                             ; Normal compilation ; Normal compilation ;
; HDL message level                                                               ; Level2             ; Level2             ;
; Suppress Register Optimization Related Messages                                 ; Off                ; Off                ;
; Number of Removed Registers Reported in Synthesis Report                        ; 5000               ; 5000               ;
; Number of Swept Nodes Reported in Synthesis Report                              ; 5000               ; 5000               ;
; Number of Inverted Registers Reported in Synthesis Report                       ; 100                ; 100                ;
; Clock MUX Protection                                                            ; On                 ; On                 ;
; Auto Gated Clock Conversion                                                     ; Off                ; Off                ;
; Block Design Naming                                                             ; Auto               ; Auto               ;
; SDC constraint protection                                                       ; Off                ; Off                ;
; Synthesis Effort                                                                ; Auto               ; Auto               ;
; Shift Register Replacement - Allow Asynchronous Clear Signal                    ; On                 ; On                 ;
; Pre-Mapping Resynthesis Optimization                                            ; Off                ; Off                ;
; Analysis & Synthesis Message Level                                              ; Medium             ; Medium             ;
; Disable Register Merging Across Hierarchies                                     ; Auto               ; Auto               ;
; Resource Aware Inference For Block RAM                                          ; On                 ; On                 ;
; Automatic Parallel Synthesis                                                    ; On                 ; On                 ;
; Partial Reconfiguration Bitstream ID                                            ; Off                ; Off                ;
+---------------------------------------------------------------------------------+--------------------+--------------------+


+------------------------------------------+
; Parallel Compilation                     ;
+----------------------------+-------------+
; Processors                 ; Number      ;
+----------------------------+-------------+
; Number detected on machine ; 8           ;
; Maximum allowed            ; 4           ;
;                            ;             ;
; Average used               ; 1.00        ;
; Maximum used               ; 1           ;
;                            ;             ;
; Usage by Processor         ; % Time Used ;
;     Processor 1            ; 100.0%      ;
+----------------------------+-------------+


+-------------------------------+
; Analysis & Synthesis Messages ;
+-------------------------------+
Info: *******************************************************************
Info: Running Quartus Prime Analysis & Synthesis
    Info: Version 25.1std.0 Build 1129 10/21/2025 SC Lite Edition
    Info: Processing started: Tue Apr 28 17:03:31 2026
Info: Command: quartus_map --read_settings_files=on --write_settings_files=off VGA -c VGA
Warning (18236): Number of processors has not been specified which may cause overloading on shared machines.  Set the global assignment NUM_PARALLEL_PROCESSORS in your QSF to an appropriate value for best performance.
Info (20032): Parallel compilation is enabled and will use up to 4 processors
Info (12021): Found 2 design units, including 1 entities, in source file VGA.vhd
    Info (12022): Found design unit 1: VGA-call File: /home/griznu1_/Nextcloud/ERR/UNI/5semestre/digitales/labs/7lab_VGA/codigo/VGA.vhd Line: 24
    Info (12023): Found entity 1: VGA File: /home/griznu1_/Nextcloud/ERR/UNI/5semestre/digitales/labs/7lab_VGA/codigo/VGA.vhd Line: 10
Info (12021): Found 2 design units, including 1 entities, in source file pixel_generate.vhd
    Info (12022): Found design unit 1: pixel_generate-main File: /home/griznu1_/Nextcloud/ERR/UNI/5semestre/digitales/labs/7lab_VGA/codigo/pixel_generate.vhd Line: 22
    Info (12023): Found entity 1: pixel_generate File: /home/griznu1_/Nextcloud/ERR/UNI/5semestre/digitales/labs/7lab_VGA/codigo/pixel_generate.vhd Line: 8
Info (12021): Found 2 design units, including 1 entities, in source file image_sync.vhd
    Info (12022): Found design unit 1: image_sync-main_arch File: /home/griznu1_/Nextcloud/ERR/UNI/5semestre/digitales/labs/7lab_VGA/codigo/image_sync.vhd Line: 21
    Info (12023): Found entity 1: image_sync File: /home/griznu1_/Nextcloud/ERR/UNI/5semestre/digitales/labs/7lab_VGA/codigo/image_sync.vhd Line: 8
Info (12021): Found 2 design units, including 1 entities, in source file contador_uni.vhd
    Info (12022): Found design unit 1: contador_uni-rtl File: /home/griznu1_/Nextcloud/ERR/UNI/5semestre/digitales/labs/7lab_VGA/codigo/contador_uni.vhd Line: 22
    Info (12023): Found entity 1: contador_uni File: /home/griznu1_/Nextcloud/ERR/UNI/5semestre/digitales/labs/7lab_VGA/codigo/contador_uni.vhd Line: 6
Info (12021): Found 2 design units, including 0 entities, in source file basic_package.vhd
    Info (12022): Found design unit 1: basic_package File: /home/griznu1_/Nextcloud/ERR/UNI/5semestre/digitales/labs/7lab_VGA/codigo/basic_package.vhd Line: 5
    Info (12022): Found design unit 2: basic_package-body File: /home/griznu1_/Nextcloud/ERR/UNI/5semestre/digitales/labs/7lab_VGA/codigo/basic_package.vhd Line: 52
Info (12021): Found 2 design units, including 0 entities, in source file VGA_package.vhd
    Info (12022): Found design unit 1: VGA_package File: /home/griznu1_/Nextcloud/ERR/UNI/5semestre/digitales/labs/7lab_VGA/codigo/VGA_package.vhd Line: 7
    Info (12022): Found design unit 2: VGA_package-body File: /home/griznu1_/Nextcloud/ERR/UNI/5semestre/digitales/labs/7lab_VGA/codigo/VGA_package.vhd Line: 65
Info (12021): Found 2 design units, including 1 entities, in source file PLL_40MHz.vhd
    Info (12022): Found design unit 1: PLL_40MHz-rtl File: /home/griznu1_/Nextcloud/ERR/UNI/5semestre/digitales/labs/7lab_VGA/codigo/PLL_40MHz.vhd Line: 20
    Info (12023): Found entity 1: PLL_40MHz File: /home/griznu1_/Nextcloud/ERR/UNI/5semestre/digitales/labs/7lab_VGA/codigo/PLL_40MHz.vhd Line: 11
Info (12021): Found 1 design units, including 1 entities, in source file PLL_40MHz/PLL_40MHz_0002.v
    Info (12023): Found entity 1: PLL_40MHz_0002 File: /home/griznu1_/Nextcloud/ERR/UNI/5semestre/digitales/labs/7lab_VGA/codigo/PLL_40MHz/PLL_40MHz_0002.v Line: 2
Error (10482): VHDL error at pixel_generate.vhd(28): object "Slc2Int" is used but not declared File: /home/griznu1_/Nextcloud/ERR/UNI/5semestre/digitales/labs/7lab_VGA/codigo/pixel_generate.vhd Line: 28
Error: Quartus Prime Analysis & Synthesis was unsuccessful. 1 error, 1 warning
    Error: Peak virtual memory: 467 megabytes
    Error: Processing ended: Tue Apr 28 17:03:38 2026
    Error: Elapsed time: 00:00:07
    Error: Total CPU time (on all processors): 00:00:19


